2026-07-05 00:22:01 [com.collegeadmin.ExamSeatingApp.main()] INFO  com.collegeadmin.ExamSeatingApp - Initializing database...
2026-07-05 00:22:01 [com.collegeadmin.ExamSeatingApp.main()] INFO  com.zaxxer.hikari.HikariDataSource - HikariPool-1 - Starting...
2026-07-05 00:22:01 [com.collegeadmin.ExamSeatingApp.main()] INFO  com.zaxxer.hikari.pool.HikariPool - HikariPool-1 - Added connection com.mysql.cj.jdbc.ConnectionImpl@7107070d
2026-07-05 00:22:01 [com.collegeadmin.ExamSeatingApp.main()] INFO  com.zaxxer.hikari.HikariDataSource - HikariPool-1 - Start completed.
2026-07-05 00:22:01 [com.collegeadmin.ExamSeatingApp.main()] INFO  c.collegeadmin.config.DatabaseConfig - Database connection pool initialized successfully
2026-07-05 00:22:02 [com.collegeadmin.ExamSeatingApp.main()] INFO  c.collegeadmin.config.DatabaseConfig - Database schema initialized
2026-07-05 00:22:02 [com.collegeadmin.ExamSeatingApp.main()] INFO  com.collegeadmin.ExamSeatingApp - Starting HTTP server on port 8083
2026-07-05 00:22:02 [com.collegeadmin.ExamSeatingApp.main()] INFO  com.collegeadmin.ExamSeatingApp - 
========================================
2026-07-05 00:22:02 [com.collegeadmin.ExamSeatingApp.main()] INFO  com.collegeadmin.ExamSeatingApp - Exam Seating System - Java Edition
2026-07-05 00:22:02 [com.collegeadmin.ExamSeatingApp.main()] INFO  com.collegeadmin.ExamSeatingApp - Server running on http://localhost:8083
2026-07-05 00:22:02 [com.collegeadmin.ExamSeatingApp.main()] INFO  com.collegeadmin.ExamSeatingApp - Default Admin Password: admin123
2026-07-05 00:22:02 [com.collegeadmin.ExamSeatingApp.main()] INFO  com.collegeadmin.ExamSeatingApp - ========================================

2026-07-05 00:27:26 [com.collegeadmin.ExamSeatingApp.main()] INFO  com.collegeadmin.ExamSeatingApp - Initializing database...
2026-07-05 00:27:26 [com.collegeadmin.ExamSeatingApp.main()] INFO  com.zaxxer.hikari.HikariDataSource - HikariPool-1 - Starting...
2026-07-05 00:27:26 [com.collegeadmin.ExamSeatingApp.main()] INFO  com.zaxxer.hikari.pool.HikariPool - HikariPool-1 - Added connection com.mysql.cj.jdbc.ConnectionImpl@6b7596b4
2026-07-05 00:27:26 [com.collegeadmin.ExamSeatingApp.main()] INFO  com.zaxxer.hikari.HikariDataSource - HikariPool-1 - Start completed.
2026-07-05 00:27:26 [com.collegeadmin.ExamSeatingApp.main()] INFO  c.collegeadmin.config.DatabaseConfig - Database connection pool initialized successfully
2026-07-05 00:27:26 [com.collegeadmin.ExamSeatingApp.main()] INFO  c.collegeadmin.config.DatabaseConfig - Database schema initialized
2026-07-05 00:27:26 [com.collegeadmin.ExamSeatingApp.main()] INFO  com.collegeadmin.ExamSeatingApp - Starting HTTP server on port 8083
2026-07-05 00:27:27 [com.collegeadmin.ExamSeatingApp.main()] INFO  com.collegeadmin.ExamSeatingApp - 
========================================
2026-07-05 00:27:27 [com.collegeadmin.ExamSeatingApp.main()] INFO  com.collegeadmin.ExamSeatingApp - Exam Seating System - Java Edition
2026-07-05 00:27:27 [com.collegeadmin.ExamSeatingApp.main()] INFO  com.collegeadmin.ExamSeatingApp - Server running on http://localhost:8083
2026-07-05 00:27:27 [com.collegeadmin.ExamSeatingApp.main()] INFO  com.collegeadmin.ExamSeatingApp - Default Admin Password: admin123
2026-07-05 00:27:27 [com.collegeadmin.ExamSeatingApp.main()] INFO  com.collegeadmin.ExamSeatingApp - ========================================

2026-07-05 00:44:17 [com.collegeadmin.ExamSeatingApp.main()] INFO  com.collegeadmin.ExamSeatingApp - Initializing database...
2026-07-05 00:44:17 [com.collegeadmin.ExamSeatingApp.main()] INFO  com.zaxxer.hikari.HikariDataSource - HikariPool-1 - Starting...
2026-07-05 00:44:18 [com.collegeadmin.ExamSeatingApp.main()] INFO  com.zaxxer.hikari.pool.HikariPool - HikariPool-1 - Added connection com.mysql.cj.jdbc.ConnectionImpl@15a547d9
2026-07-05 00:44:18 [com.collegeadmin.ExamSeatingApp.main()] INFO  com.zaxxer.hikari.HikariDataSource - HikariPool-1 - Start completed.
2026-07-05 00:44:18 [com.collegeadmin.ExamSeatingApp.main()] INFO  c.collegeadmin.config.DatabaseConfig - Database connection pool initialized successfully
2026-07-05 00:44:18 [com.collegeadmin.ExamSeatingApp.main()] INFO  c.collegeadmin.config.DatabaseConfig - Database schema initialized
2026-07-05 00:44:18 [com.collegeadmin.ExamSeatingApp.main()] INFO  com.collegeadmin.ExamSeatingApp - Starting HTTP server on port 8083
2026-07-05 00:44:18 [com.collegeadmin.ExamSeatingApp.main()] INFO  com.collegeadmin.ExamSeatingApp - 
========================================
2026-07-05 00:44:18 [com.collegeadmin.ExamSeatingApp.main()] INFO  com.collegeadmin.ExamSeatingApp - Exam Seating System - Java Edition
2026-07-05 00:44:18 [com.collegeadmin.ExamSeatingApp.main()] INFO  com.collegeadmin.ExamSeatingApp - Server running on http://localhost:8083
2026-07-05 00:44:18 [com.collegeadmin.ExamSeatingApp.main()] INFO  com.collegeadmin.ExamSeatingApp - Default Admin Password: admin123
2026-07-05 00:44:18 [com.collegeadmin.ExamSeatingApp.main()] INFO  com.collegeadmin.ExamSeatingApp - ========================================

2026-07-05 00:48:05 [com.collegeadmin.ExamSeatingApp.main()] INFO  com.collegeadmin.ExamSeatingApp - Initializing database...
2026-07-05 00:48:05 [com.collegeadmin.ExamSeatingApp.main()] INFO  com.zaxxer.hikari.HikariDataSource - HikariPool-1 - Starting...
2026-07-05 00:48:06 [com.collegeadmin.ExamSeatingApp.main()] INFO  com.zaxxer.hikari.pool.HikariPool - HikariPool-1 - Added connection com.mysql.cj.jdbc.ConnectionImpl@15a547d9
2026-07-05 00:48:06 [com.collegeadmin.ExamSeatingApp.main()] INFO  com.zaxxer.hikari.HikariDataSource - HikariPool-1 - Start completed.
2026-07-05 00:48:06 [com.collegeadmin.ExamSeatingApp.main()] INFO  c.collegeadmin.config.DatabaseConfig - Database connection pool initialized successfully
2026-07-05 00:48:06 [com.collegeadmin.ExamSeatingApp.main()] INFO  c.collegeadmin.config.DatabaseConfig - Database schema initialized
2026-07-05 00:48:06 [com.collegeadmin.ExamSeatingApp.main()] INFO  com.collegeadmin.ExamSeatingApp - Starting HTTP server on port 8083
2026-07-05 00:48:06 [com.collegeadmin.ExamSeatingApp.main()] INFO  com.collegeadmin.ExamSeatingApp - 
========================================
2026-07-05 00:48:06 [com.collegeadmin.ExamSeatingApp.main()] INFO  com.collegeadmin.ExamSeatingApp - Exam Seating System - Java Edition
2026-07-05 00:48:06 [com.collegeadmin.ExamSeatingApp.main()] INFO  com.collegeadmin.ExamSeatingApp - Server running on http://localhost:8083
2026-07-05 00:48:06 [com.collegeadmin.ExamSeatingApp.main()] INFO  com.collegeadmin.ExamSeatingApp - Default Admin Password: admin123
2026-07-05 00:48:06 [com.collegeadmin.ExamSeatingApp.main()] INFO  com.collegeadmin.ExamSeatingApp - ========================================

